Starting job
  test_run          = 17
  resnet_ckpt_path  = ./best_model_resnet_modified_300_epochs_28_7_2025_train_accuracy_print_test_run_17_save_after_300_epochs.pth
Host: lrdn1891.leonardo.local
Date: Fri Jan  9 14:59:19 CET 2026
CUDA_VISIBLE_DEVICES: 0
CUDA devices available:
1
NVIDIA A100-SXM-64GB
Device: cuda
test_run 17
resnet_ckpt_path: ./best_model_resnet_modified_300_epochs_28_7_2025_train_accuracy_print_test_run_17_save_after_300_epochs.pth
Train size: 196412
Val size: 65469
Test size: 65481
Classes: ['crops_fair_skin_esantema-maculo-papuloso', 'crops_fair_skin_esantema-morbilliforme', 'crops_fair_skin_esantema-polimorfo-like', 'crops_fair_skin_esantema-virale', 'crops_fair_skin_esantema_iatrogeno_farmaco_indotta', 'crops_fair_skin_orticaria', 'crops_fair_skin_pediculosi', 'crops_fair_skin_scabbia', 'crops_fair_skin_varicella']
----------------------------------------------------------------
        Layer (type)               Output Shape         Param #
================================================================
            Conv2d-1         [-1, 64, 112, 112]           9,408
       BatchNorm2d-2         [-1, 64, 112, 112]             128
              ReLU-3         [-1, 64, 112, 112]               0
         MaxPool2d-4           [-1, 64, 56, 56]               0
            Conv2d-5           [-1, 64, 56, 56]           4,096
       BatchNorm2d-6           [-1, 64, 56, 56]             128
              ReLU-7           [-1, 64, 56, 56]               0
            Conv2d-8           [-1, 64, 56, 56]          36,864
       BatchNorm2d-9           [-1, 64, 56, 56]             128
             ReLU-10           [-1, 64, 56, 56]               0
           Conv2d-11          [-1, 256, 56, 56]          16,384
      BatchNorm2d-12          [-1, 256, 56, 56]             512
           Conv2d-13          [-1, 256, 56, 56]          16,384
      BatchNorm2d-14          [-1, 256, 56, 56]             512
             ReLU-15          [-1, 256, 56, 56]               0
       Bottleneck-16          [-1, 256, 56, 56]               0
           Conv2d-17           [-1, 64, 56, 56]          16,384
      BatchNorm2d-18           [-1, 64, 56, 56]             128
             ReLU-19           [-1, 64, 56, 56]               0
           Conv2d-20           [-1, 64, 56, 56]          36,864
      BatchNorm2d-21           [-1, 64, 56, 56]             128
             ReLU-22           [-1, 64, 56, 56]               0
           Conv2d-23          [-1, 256, 56, 56]          16,384
      BatchNorm2d-24          [-1, 256, 56, 56]             512
             ReLU-25          [-1, 256, 56, 56]               0
       Bottleneck-26          [-1, 256, 56, 56]               0
           Conv2d-27           [-1, 64, 56, 56]          16,384
      BatchNorm2d-28           [-1, 64, 56, 56]             128
             ReLU-29           [-1, 64, 56, 56]               0
           Conv2d-30           [-1, 64, 56, 56]          36,864
      BatchNorm2d-31           [-1, 64, 56, 56]             128
             ReLU-32           [-1, 64, 56, 56]               0
           Conv2d-33          [-1, 256, 56, 56]          16,384
      BatchNorm2d-34          [-1, 256, 56, 56]             512
             ReLU-35          [-1, 256, 56, 56]               0
       Bottleneck-36          [-1, 256, 56, 56]               0
           Conv2d-37          [-1, 128, 56, 56]          32,768
      BatchNorm2d-38          [-1, 128, 56, 56]             256
             ReLU-39          [-1, 128, 56, 56]               0
           Conv2d-40          [-1, 128, 28, 28]         147,456
      BatchNorm2d-41          [-1, 128, 28, 28]             256
             ReLU-42          [-1, 128, 28, 28]               0
           Conv2d-43          [-1, 512, 28, 28]          65,536
      BatchNorm2d-44          [-1, 512, 28, 28]           1,024
           Conv2d-45          [-1, 512, 28, 28]         131,072
      BatchNorm2d-46          [-1, 512, 28, 28]           1,024
             ReLU-47          [-1, 512, 28, 28]               0
       Bottleneck-48          [-1, 512, 28, 28]               0
           Conv2d-49          [-1, 128, 28, 28]          65,536
      BatchNorm2d-50          [-1, 128, 28, 28]             256
             ReLU-51          [-1, 128, 28, 28]               0
           Conv2d-52          [-1, 128, 28, 28]         147,456
      BatchNorm2d-53          [-1, 128, 28, 28]             256
             ReLU-54          [-1, 128, 28, 28]               0
           Conv2d-55          [-1, 512, 28, 28]          65,536
      BatchNorm2d-56          [-1, 512, 28, 28]           1,024
             ReLU-57          [-1, 512, 28, 28]               0
       Bottleneck-58          [-1, 512, 28, 28]               0
           Conv2d-59          [-1, 128, 28, 28]          65,536
      BatchNorm2d-60          [-1, 128, 28, 28]             256
             ReLU-61          [-1, 128, 28, 28]               0
           Conv2d-62          [-1, 128, 28, 28]         147,456
      BatchNorm2d-63          [-1, 128, 28, 28]             256
             ReLU-64          [-1, 128, 28, 28]               0
           Conv2d-65          [-1, 512, 28, 28]          65,536
      BatchNorm2d-66          [-1, 512, 28, 28]           1,024
             ReLU-67          [-1, 512, 28, 28]               0
       Bottleneck-68          [-1, 512, 28, 28]               0
           Conv2d-69          [-1, 128, 28, 28]          65,536
      BatchNorm2d-70          [-1, 128, 28, 28]             256
             ReLU-71          [-1, 128, 28, 28]               0
           Conv2d-72          [-1, 128, 28, 28]         147,456
      BatchNorm2d-73          [-1, 128, 28, 28]             256
             ReLU-74          [-1, 128, 28, 28]               0
           Conv2d-75          [-1, 512, 28, 28]          65,536
      BatchNorm2d-76          [-1, 512, 28, 28]           1,024
             ReLU-77          [-1, 512, 28, 28]               0
       Bottleneck-78          [-1, 512, 28, 28]               0
           Conv2d-79          [-1, 256, 28, 28]         131,072
      BatchNorm2d-80          [-1, 256, 28, 28]             512
             ReLU-81          [-1, 256, 28, 28]               0
           Conv2d-82          [-1, 256, 14, 14]         589,824
      BatchNorm2d-83          [-1, 256, 14, 14]             512
             ReLU-84          [-1, 256, 14, 14]               0
           Conv2d-85         [-1, 1024, 14, 14]         262,144
      BatchNorm2d-86         [-1, 1024, 14, 14]           2,048
           Conv2d-87         [-1, 1024, 14, 14]         524,288
      BatchNorm2d-88         [-1, 1024, 14, 14]           2,048
             ReLU-89         [-1, 1024, 14, 14]               0
       Bottleneck-90         [-1, 1024, 14, 14]               0
           Conv2d-91          [-1, 256, 14, 14]         262,144
      BatchNorm2d-92          [-1, 256, 14, 14]             512
             ReLU-93          [-1, 256, 14, 14]               0
           Conv2d-94          [-1, 256, 14, 14]         589,824
      BatchNorm2d-95          [-1, 256, 14, 14]             512
             ReLU-96          [-1, 256, 14, 14]               0
           Conv2d-97         [-1, 1024, 14, 14]         262,144
      BatchNorm2d-98         [-1, 1024, 14, 14]           2,048
             ReLU-99         [-1, 1024, 14, 14]               0
      Bottleneck-100         [-1, 1024, 14, 14]               0
          Conv2d-101          [-1, 256, 14, 14]         262,144
     BatchNorm2d-102          [-1, 256, 14, 14]             512
            ReLU-103          [-1, 256, 14, 14]               0
          Conv2d-104          [-1, 256, 14, 14]         589,824
     BatchNorm2d-105          [-1, 256, 14, 14]             512
            ReLU-106          [-1, 256, 14, 14]               0
          Conv2d-107         [-1, 1024, 14, 14]         262,144
     BatchNorm2d-108         [-1, 1024, 14, 14]           2,048
            ReLU-109         [-1, 1024, 14, 14]               0
      Bottleneck-110         [-1, 1024, 14, 14]               0
          Conv2d-111          [-1, 256, 14, 14]         262,144
     BatchNorm2d-112          [-1, 256, 14, 14]             512
            ReLU-113          [-1, 256, 14, 14]               0
          Conv2d-114          [-1, 256, 14, 14]         589,824
     BatchNorm2d-115          [-1, 256, 14, 14]             512
            ReLU-116          [-1, 256, 14, 14]               0
          Conv2d-117         [-1, 1024, 14, 14]         262,144
     BatchNorm2d-118         [-1, 1024, 14, 14]           2,048
            ReLU-119         [-1, 1024, 14, 14]               0
      Bottleneck-120         [-1, 1024, 14, 14]               0
          Conv2d-121          [-1, 256, 14, 14]         262,144
     BatchNorm2d-122          [-1, 256, 14, 14]             512
            ReLU-123          [-1, 256, 14, 14]               0
          Conv2d-124          [-1, 256, 14, 14]         589,824
     BatchNorm2d-125          [-1, 256, 14, 14]             512
            ReLU-126          [-1, 256, 14, 14]               0
          Conv2d-127         [-1, 1024, 14, 14]         262,144
     BatchNorm2d-128         [-1, 1024, 14, 14]           2,048
            ReLU-129         [-1, 1024, 14, 14]               0
      Bottleneck-130         [-1, 1024, 14, 14]               0
          Conv2d-131          [-1, 256, 14, 14]         262,144
     BatchNorm2d-132          [-1, 256, 14, 14]             512
            ReLU-133          [-1, 256, 14, 14]               0
          Conv2d-134          [-1, 256, 14, 14]         589,824
     BatchNorm2d-135          [-1, 256, 14, 14]             512
            ReLU-136          [-1, 256, 14, 14]               0
          Conv2d-137         [-1, 1024, 14, 14]         262,144
     BatchNorm2d-138         [-1, 1024, 14, 14]           2,048
            ReLU-139         [-1, 1024, 14, 14]               0
      Bottleneck-140         [-1, 1024, 14, 14]               0
          Conv2d-141          [-1, 512, 14, 14]         524,288
     BatchNorm2d-142          [-1, 512, 14, 14]           1,024
            ReLU-143          [-1, 512, 14, 14]               0
          Conv2d-144            [-1, 512, 7, 7]       2,359,296
     BatchNorm2d-145            [-1, 512, 7, 7]           1,024
            ReLU-146            [-1, 512, 7, 7]               0
          Conv2d-147           [-1, 2048, 7, 7]       1,048,576
     BatchNorm2d-148           [-1, 2048, 7, 7]           4,096
          Conv2d-149           [-1, 2048, 7, 7]       2,097,152
     BatchNorm2d-150           [-1, 2048, 7, 7]           4,096
            ReLU-151           [-1, 2048, 7, 7]               0
      Bottleneck-152           [-1, 2048, 7, 7]               0
          Conv2d-153            [-1, 512, 7, 7]       1,048,576
     BatchNorm2d-154            [-1, 512, 7, 7]           1,024
            ReLU-155            [-1, 512, 7, 7]               0
          Conv2d-156            [-1, 512, 7, 7]       2,359,296
     BatchNorm2d-157            [-1, 512, 7, 7]           1,024
            ReLU-158            [-1, 512, 7, 7]               0
          Conv2d-159           [-1, 2048, 7, 7]       1,048,576
     BatchNorm2d-160           [-1, 2048, 7, 7]           4,096
            ReLU-161           [-1, 2048, 7, 7]               0
      Bottleneck-162           [-1, 2048, 7, 7]               0
          Conv2d-163            [-1, 512, 7, 7]       1,048,576
     BatchNorm2d-164            [-1, 512, 7, 7]           1,024
            ReLU-165            [-1, 512, 7, 7]               0
          Conv2d-166            [-1, 512, 7, 7]       2,359,296
     BatchNorm2d-167            [-1, 512, 7, 7]           1,024
            ReLU-168            [-1, 512, 7, 7]               0
          Conv2d-169           [-1, 2048, 7, 7]       1,048,576
     BatchNorm2d-170           [-1, 2048, 7, 7]           4,096
            ReLU-171           [-1, 2048, 7, 7]               0
      Bottleneck-172           [-1, 2048, 7, 7]               0
AdaptiveAvgPool2d-173           [-1, 2048, 1, 1]               0
          Linear-174                  [-1, 512]       1,049,088
            ReLU-175                  [-1, 512]               0
         Dropout-176                  [-1, 512]               0
          Linear-177                    [-1, 9]           4,617
================================================================
Total params: 24,561,737
Trainable params: 24,561,737
Non-trainable params: 0
----------------------------------------------------------------
Input size (MB): 0.57
Forward/backward pass size (MB): 286.56
Params size (MB): 93.70
Estimated Total Size (MB): 380.83
----------------------------------------------------------------
None
Loading final model checkpoint: ./best_model_resnet_modified_300_epochs_28_7_2025_train_accuracy_print_test_run_17_save_after_300_epochs.pth
[INFO] Detected DataParallel checkpoint. Stripping 'module.' prefix...
Model loaded.

Base results directory: Results_normal_Conformal_Prediction_experiment_run_17_2026-01-09_14-59-37

====== Computing calibration scores on validation set ======


===================================================
 Target coverage: 0.65  |  alpha = 0.35
===================================================

###########################Results:###################################
test_run 17
Target coverage: 0.650
Alpha: 0.350
Coverage: 0.651
Average Prediction Set Size for Test Set: 0.652
######################################################################

 Feature-Stratified Coverage (by True Class Label):
  Class crops_fair_skin_esantema-maculo-papuloso: Coverage = 0.627 (Target ≥ 0.65)
  Class crops_fair_skin_esantema-morbilliforme: Coverage = 0.797 (Target ≥ 0.65)
  Class crops_fair_skin_esantema-polimorfo-like: Coverage = 0.647 (Target ≥ 0.65)
  Class crops_fair_skin_esantema-virale: Coverage = 0.588 (Target ≥ 0.65)
  Class crops_fair_skin_esantema_iatrogeno_farmaco_indotta: Coverage = 0.746 (Target ≥ 0.65)
  Class crops_fair_skin_orticaria: Coverage = 0.649 (Target ≥ 0.65)
  Class crops_fair_skin_pediculosi: Coverage = 0.701 (Target ≥ 0.65)
  Class crops_fair_skin_scabbia: Coverage = 0.708 (Target ≥ 0.65)
  Class crops_fair_skin_varicella: Coverage = 0.670 (Target ≥ 0.65)

 FSC Metric (minimum class-wise coverage): 0.588

 Feature-Stratified Coverage (by True Class Label):
  Class crops_fair_skin_esantema-maculo-papuloso: Coverage = 0.627 (Target ≥ 0.65)
  Class crops_fair_skin_esantema-morbilliforme: Coverage = 0.797 (Target ≥ 0.65)
  Class crops_fair_skin_esantema-polimorfo-like: Coverage = 0.647 (Target ≥ 0.65)
  Class crops_fair_skin_esantema-virale: Coverage = 0.588 (Target ≥ 0.65)
  Class crops_fair_skin_esantema_iatrogeno_farmaco_indotta: Coverage = 0.746 (Target ≥ 0.65)
  Class crops_fair_skin_orticaria: Coverage = 0.649 (Target ≥ 0.65)
  Class crops_fair_skin_pediculosi: Coverage = 0.701 (Target ≥ 0.65)
  Class crops_fair_skin_scabbia: Coverage = 0.708 (Target ≥ 0.65)
  Class crops_fair_skin_varicella: Coverage = 0.670 (Target ≥ 0.65)

 FSC Metric (minimum class-wise coverage): 0.588

 Feature-Stratified Coverage (by True Class Label):
  Class crops_fair_skin_esantema-maculo-papuloso: Coverage = 0.627 (Target ≥ 0.65)
  Class crops_fair_skin_esantema-morbilliforme: Coverage = 0.797 (Target ≥ 0.65)
  Class crops_fair_skin_esantema-polimorfo-like: Coverage = 0.647 (Target ≥ 0.65)
  Class crops_fair_skin_esantema-virale: Coverage = 0.588 (Target ≥ 0.65)
  Class crops_fair_skin_esantema_iatrogeno_farmaco_indotta: Coverage = 0.746 (Target ≥ 0.65)
  Class crops_fair_skin_orticaria: Coverage = 0.649 (Target ≥ 0.65)
  Class crops_fair_skin_pediculosi: Coverage = 0.701 (Target ≥ 0.65)
  Class crops_fair_skin_scabbia: Coverage = 0.708 (Target ≥ 0.65)
  Class crops_fair_skin_varicella: Coverage = 0.670 (Target ≥ 0.65)

 FSC Metric (minimum class-wise coverage): 0.588

 Correlation between class frequency and coverage:
  - Pearson  r = -0.438, p = 2.386e-01
  - Spearman ρ = -0.400, p = 2.861e-01

 Size-Stratified Coverage (SSC):
  Set Size [1]       : Coverage = 0.999 (Target ≥ 0.65)

 SSC Metric (min bin-wise coverage): 0.999

 Size-Stratified Coverage (SSC):
  Set Size [1]       : Coverage = 0.999 (Target ≥ 0.65)

 SSC Metric (min bin-wise coverage): 0.999

===================================================
 Target coverage: 0.70  |  alpha = 0.30
===================================================

###########################Results:###################################
test_run 17
Target coverage: 0.700
Alpha: 0.300
Coverage: 0.700
Average Prediction Set Size for Test Set: 0.701
######################################################################

 Feature-Stratified Coverage (by True Class Label):
  Class crops_fair_skin_esantema-maculo-papuloso: Coverage = 0.668 (Target ≥ 0.70)
  Class crops_fair_skin_esantema-morbilliforme: Coverage = 0.827 (Target ≥ 0.70)
  Class crops_fair_skin_esantema-polimorfo-like: Coverage = 0.694 (Target ≥ 0.70)
  Class crops_fair_skin_esantema-virale: Coverage = 0.639 (Target ≥ 0.70)
  Class crops_fair_skin_esantema_iatrogeno_farmaco_indotta: Coverage = 0.790 (Target ≥ 0.70)
  Class crops_fair_skin_orticaria: Coverage = 0.701 (Target ≥ 0.70)
  Class crops_fair_skin_pediculosi: Coverage = 0.750 (Target ≥ 0.70)
  Class crops_fair_skin_scabbia: Coverage = 0.755 (Target ≥ 0.70)
  Class crops_fair_skin_varicella: Coverage = 0.701 (Target ≥ 0.70)

 FSC Metric (minimum class-wise coverage): 0.639

 Feature-Stratified Coverage (by True Class Label):
  Class crops_fair_skin_esantema-maculo-papuloso: Coverage = 0.668 (Target ≥ 0.70)
  Class crops_fair_skin_esantema-morbilliforme: Coverage = 0.827 (Target ≥ 0.70)
  Class crops_fair_skin_esantema-polimorfo-like: Coverage = 0.694 (Target ≥ 0.70)
  Class crops_fair_skin_esantema-virale: Coverage = 0.639 (Target ≥ 0.70)
  Class crops_fair_skin_esantema_iatrogeno_farmaco_indotta: Coverage = 0.790 (Target ≥ 0.70)
  Class crops_fair_skin_orticaria: Coverage = 0.701 (Target ≥ 0.70)
  Class crops_fair_skin_pediculosi: Coverage = 0.750 (Target ≥ 0.70)
  Class crops_fair_skin_scabbia: Coverage = 0.755 (Target ≥ 0.70)
  Class crops_fair_skin_varicella: Coverage = 0.701 (Target ≥ 0.70)

 FSC Metric (minimum class-wise coverage): 0.639

 Feature-Stratified Coverage (by True Class Label):
  Class crops_fair_skin_esantema-maculo-papuloso: Coverage = 0.668 (Target ≥ 0.70)
  Class crops_fair_skin_esantema-morbilliforme: Coverage = 0.827 (Target ≥ 0.70)
  Class crops_fair_skin_esantema-polimorfo-like: Coverage = 0.694 (Target ≥ 0.70)
  Class crops_fair_skin_esantema-virale: Coverage = 0.639 (Target ≥ 0.70)
  Class crops_fair_skin_esantema_iatrogeno_farmaco_indotta: Coverage = 0.790 (Target ≥ 0.70)
  Class crops_fair_skin_orticaria: Coverage = 0.701 (Target ≥ 0.70)
  Class crops_fair_skin_pediculosi: Coverage = 0.750 (Target ≥ 0.70)
  Class crops_fair_skin_scabbia: Coverage = 0.755 (Target ≥ 0.70)
  Class crops_fair_skin_varicella: Coverage = 0.701 (Target ≥ 0.70)

 FSC Metric (minimum class-wise coverage): 0.639

 Correlation between class frequency and coverage:
  - Pearson  r = -0.385, p = 3.061e-01
  - Spearman ρ = -0.283, p = 4.600e-01

 Size-Stratified Coverage (SSC):
  Set Size [1]       : Coverage = 0.999 (Target ≥ 0.70)

 SSC Metric (min bin-wise coverage): 0.999

 Size-Stratified Coverage (SSC):
  Set Size [1]       : Coverage = 0.999 (Target ≥ 0.70)

 SSC Metric (min bin-wise coverage): 0.999

===================================================
 Target coverage: 0.75  |  alpha = 0.25
===================================================

###########################Results:###################################
test_run 17
Target coverage: 0.750
Alpha: 0.250
Coverage: 0.750
Average Prediction Set Size for Test Set: 0.751
######################################################################

 Feature-Stratified Coverage (by True Class Label):
  Class crops_fair_skin_esantema-maculo-papuloso: Coverage = 0.710 (Target ≥ 0.75)
  Class crops_fair_skin_esantema-morbilliforme: Coverage = 0.851 (Target ≥ 0.75)
  Class crops_fair_skin_esantema-polimorfo-like: Coverage = 0.724 (Target ≥ 0.75)
  Class crops_fair_skin_esantema-virale: Coverage = 0.696 (Target ≥ 0.75)
  Class crops_fair_skin_esantema_iatrogeno_farmaco_indotta: Coverage = 0.835 (Target ≥ 0.75)
  Class crops_fair_skin_orticaria: Coverage = 0.754 (Target ≥ 0.75)
  Class crops_fair_skin_pediculosi: Coverage = 0.786 (Target ≥ 0.75)
  Class crops_fair_skin_scabbia: Coverage = 0.796 (Target ≥ 0.75)
  Class crops_fair_skin_varicella: Coverage = 0.736 (Target ≥ 0.75)

 FSC Metric (minimum class-wise coverage): 0.696

 Feature-Stratified Coverage (by True Class Label):
  Class crops_fair_skin_esantema-maculo-papuloso: Coverage = 0.710 (Target ≥ 0.75)
  Class crops_fair_skin_esantema-morbilliforme: Coverage = 0.851 (Target ≥ 0.75)
  Class crops_fair_skin_esantema-polimorfo-like: Coverage = 0.724 (Target ≥ 0.75)
  Class crops_fair_skin_esantema-virale: Coverage = 0.696 (Target ≥ 0.75)
  Class crops_fair_skin_esantema_iatrogeno_farmaco_indotta: Coverage = 0.835 (Target ≥ 0.75)
  Class crops_fair_skin_orticaria: Coverage = 0.754 (Target ≥ 0.75)
  Class crops_fair_skin_pediculosi: Coverage = 0.786 (Target ≥ 0.75)
  Class crops_fair_skin_scabbia: Coverage = 0.796 (Target ≥ 0.75)
  Class crops_fair_skin_varicella: Coverage = 0.736 (Target ≥ 0.75)

 FSC Metric (minimum class-wise coverage): 0.696

 Feature-Stratified Coverage (by True Class Label):
  Class crops_fair_skin_esantema-maculo-papuloso: Coverage = 0.710 (Target ≥ 0.75)
  Class crops_fair_skin_esantema-morbilliforme: Coverage = 0.851 (Target ≥ 0.75)
  Class crops_fair_skin_esantema-polimorfo-like: Coverage = 0.724 (Target ≥ 0.75)
  Class crops_fair_skin_esantema-virale: Coverage = 0.696 (Target ≥ 0.75)
  Class crops_fair_skin_esantema_iatrogeno_farmaco_indotta: Coverage = 0.835 (Target ≥ 0.75)
  Class crops_fair_skin_orticaria: Coverage = 0.754 (Target ≥ 0.75)
  Class crops_fair_skin_pediculosi: Coverage = 0.786 (Target ≥ 0.75)
  Class crops_fair_skin_scabbia: Coverage = 0.796 (Target ≥ 0.75)
  Class crops_fair_skin_varicella: Coverage = 0.736 (Target ≥ 0.75)

 FSC Metric (minimum class-wise coverage): 0.696

 Correlation between class frequency and coverage:
  - Pearson  r = -0.269, p = 4.847e-01
  - Spearman ρ = -0.283, p = 4.600e-01

 Size-Stratified Coverage (SSC):
  Set Size [1]       : Coverage = 0.999 (Target ≥ 0.75)

 SSC Metric (min bin-wise coverage): 0.999

 Size-Stratified Coverage (SSC):
  Set Size [1]       : Coverage = 0.999 (Target ≥ 0.75)

 SSC Metric (min bin-wise coverage): 0.999

===================================================
 Target coverage: 0.80  |  alpha = 0.20
===================================================

###########################Results:###################################
test_run 17
Target coverage: 0.800
Alpha: 0.200
Coverage: 0.800
Average Prediction Set Size for Test Set: 0.801
######################################################################

 Feature-Stratified Coverage (by True Class Label):
  Class crops_fair_skin_esantema-maculo-papuloso: Coverage = 0.769 (Target ≥ 0.80)
  Class crops_fair_skin_esantema-morbilliforme: Coverage = 0.887 (Target ≥ 0.80)
  Class crops_fair_skin_esantema-polimorfo-like: Coverage = 0.764 (Target ≥ 0.80)
  Class crops_fair_skin_esantema-virale: Coverage = 0.752 (Target ≥ 0.80)
  Class crops_fair_skin_esantema_iatrogeno_farmaco_indotta: Coverage = 0.873 (Target ≥ 0.80)
  Class crops_fair_skin_orticaria: Coverage = 0.807 (Target ≥ 0.80)
  Class crops_fair_skin_pediculosi: Coverage = 0.836 (Target ≥ 0.80)
  Class crops_fair_skin_scabbia: Coverage = 0.835 (Target ≥ 0.80)
  Class crops_fair_skin_varicella: Coverage = 0.774 (Target ≥ 0.80)

 FSC Metric (minimum class-wise coverage): 0.752

 Feature-Stratified Coverage (by True Class Label):
  Class crops_fair_skin_esantema-maculo-papuloso: Coverage = 0.769 (Target ≥ 0.80)
  Class crops_fair_skin_esantema-morbilliforme: Coverage = 0.887 (Target ≥ 0.80)
  Class crops_fair_skin_esantema-polimorfo-like: Coverage = 0.764 (Target ≥ 0.80)
  Class crops_fair_skin_esantema-virale: Coverage = 0.752 (Target ≥ 0.80)
  Class crops_fair_skin_esantema_iatrogeno_farmaco_indotta: Coverage = 0.873 (Target ≥ 0.80)
  Class crops_fair_skin_orticaria: Coverage = 0.807 (Target ≥ 0.80)
  Class crops_fair_skin_pediculosi: Coverage = 0.836 (Target ≥ 0.80)
  Class crops_fair_skin_scabbia: Coverage = 0.835 (Target ≥ 0.80)
  Class crops_fair_skin_varicella: Coverage = 0.774 (Target ≥ 0.80)

 FSC Metric (minimum class-wise coverage): 0.752

 Feature-Stratified Coverage (by True Class Label):
  Class crops_fair_skin_esantema-maculo-papuloso: Coverage = 0.769 (Target ≥ 0.80)
  Class crops_fair_skin_esantema-morbilliforme: Coverage = 0.887 (Target ≥ 0.80)
  Class crops_fair_skin_esantema-polimorfo-like: Coverage = 0.764 (Target ≥ 0.80)
  Class crops_fair_skin_esantema-virale: Coverage = 0.752 (Target ≥ 0.80)
  Class crops_fair_skin_esantema_iatrogeno_farmaco_indotta: Coverage = 0.873 (Target ≥ 0.80)
  Class crops_fair_skin_orticaria: Coverage = 0.807 (Target ≥ 0.80)
  Class crops_fair_skin_pediculosi: Coverage = 0.836 (Target ≥ 0.80)
  Class crops_fair_skin_scabbia: Coverage = 0.835 (Target ≥ 0.80)
  Class crops_fair_skin_varicella: Coverage = 0.774 (Target ≥ 0.80)

 FSC Metric (minimum class-wise coverage): 0.752

 Correlation between class frequency and coverage:
  - Pearson  r = -0.208, p = 5.913e-01
  - Spearman ρ = -0.367, p = 3.317e-01

 Size-Stratified Coverage (SSC):
  Set Size [1]       : Coverage = 0.998 (Target ≥ 0.80)

 SSC Metric (min bin-wise coverage): 0.998

 Size-Stratified Coverage (SSC):
  Set Size [1]       : Coverage = 0.998 (Target ≥ 0.80)

 SSC Metric (min bin-wise coverage): 0.998

===================================================
 Target coverage: 0.85  |  alpha = 0.15
===================================================

###########################Results:###################################
test_run 17
Target coverage: 0.850
Alpha: 0.150
Coverage: 0.849
Average Prediction Set Size for Test Set: 0.851
######################################################################

 Feature-Stratified Coverage (by True Class Label):
  Class crops_fair_skin_esantema-maculo-papuloso: Coverage = 0.817 (Target ≥ 0.85)
  Class crops_fair_skin_esantema-morbilliforme: Coverage = 0.909 (Target ≥ 0.85)
  Class crops_fair_skin_esantema-polimorfo-like: Coverage = 0.814 (Target ≥ 0.85)
  Class crops_fair_skin_esantema-virale: Coverage = 0.810 (Target ≥ 0.85)
  Class crops_fair_skin_esantema_iatrogeno_farmaco_indotta: Coverage = 0.907 (Target ≥ 0.85)
  Class crops_fair_skin_orticaria: Coverage = 0.858 (Target ≥ 0.85)
  Class crops_fair_skin_pediculosi: Coverage = 0.877 (Target ≥ 0.85)
  Class crops_fair_skin_scabbia: Coverage = 0.876 (Target ≥ 0.85)
  Class crops_fair_skin_varicella: Coverage = 0.811 (Target ≥ 0.85)

 FSC Metric (minimum class-wise coverage): 0.810

 Feature-Stratified Coverage (by True Class Label):
  Class crops_fair_skin_esantema-maculo-papuloso: Coverage = 0.817 (Target ≥ 0.85)
  Class crops_fair_skin_esantema-morbilliforme: Coverage = 0.909 (Target ≥ 0.85)
  Class crops_fair_skin_esantema-polimorfo-like: Coverage = 0.814 (Target ≥ 0.85)
  Class crops_fair_skin_esantema-virale: Coverage = 0.810 (Target ≥ 0.85)
  Class crops_fair_skin_esantema_iatrogeno_farmaco_indotta: Coverage = 0.907 (Target ≥ 0.85)
  Class crops_fair_skin_orticaria: Coverage = 0.858 (Target ≥ 0.85)
  Class crops_fair_skin_pediculosi: Coverage = 0.877 (Target ≥ 0.85)
  Class crops_fair_skin_scabbia: Coverage = 0.876 (Target ≥ 0.85)
  Class crops_fair_skin_varicella: Coverage = 0.811 (Target ≥ 0.85)

 FSC Metric (minimum class-wise coverage): 0.810

 Feature-Stratified Coverage (by True Class Label):
  Class crops_fair_skin_esantema-maculo-papuloso: Coverage = 0.817 (Target ≥ 0.85)
  Class crops_fair_skin_esantema-morbilliforme: Coverage = 0.909 (Target ≥ 0.85)
  Class crops_fair_skin_esantema-polimorfo-like: Coverage = 0.814 (Target ≥ 0.85)
  Class crops_fair_skin_esantema-virale: Coverage = 0.810 (Target ≥ 0.85)
  Class crops_fair_skin_esantema_iatrogeno_farmaco_indotta: Coverage = 0.907 (Target ≥ 0.85)
  Class crops_fair_skin_orticaria: Coverage = 0.858 (Target ≥ 0.85)
  Class crops_fair_skin_pediculosi: Coverage = 0.877 (Target ≥ 0.85)
  Class crops_fair_skin_scabbia: Coverage = 0.876 (Target ≥ 0.85)
  Class crops_fair_skin_varicella: Coverage = 0.811 (Target ≥ 0.85)

 FSC Metric (minimum class-wise coverage): 0.810

 Correlation between class frequency and coverage:
  - Pearson  r = -0.105, p = 7.885e-01
  - Spearman ρ = -0.283, p = 4.600e-01

 Size-Stratified Coverage (SSC):
  Set Size [1]       : Coverage = 0.997 (Target ≥ 0.85)

 SSC Metric (min bin-wise coverage): 0.997

 Size-Stratified Coverage (SSC):
  Set Size [1]       : Coverage = 0.997 (Target ≥ 0.85)

 SSC Metric (min bin-wise coverage): 0.997

===================================================
 Target coverage: 0.90  |  alpha = 0.10
===================================================

###########################Results:###################################
test_run 17
Target coverage: 0.900
Alpha: 0.100
Coverage: 0.900
Average Prediction Set Size for Test Set: 0.905
######################################################################

 Feature-Stratified Coverage (by True Class Label):
  Class crops_fair_skin_esantema-maculo-papuloso: Coverage = 0.868 (Target ≥ 0.90)
  Class crops_fair_skin_esantema-morbilliforme: Coverage = 0.943 (Target ≥ 0.90)
  Class crops_fair_skin_esantema-polimorfo-like: Coverage = 0.870 (Target ≥ 0.90)
  Class crops_fair_skin_esantema-virale: Coverage = 0.870 (Target ≥ 0.90)
  Class crops_fair_skin_esantema_iatrogeno_farmaco_indotta: Coverage = 0.939 (Target ≥ 0.90)
  Class crops_fair_skin_orticaria: Coverage = 0.912 (Target ≥ 0.90)
  Class crops_fair_skin_pediculosi: Coverage = 0.930 (Target ≥ 0.90)
  Class crops_fair_skin_scabbia: Coverage = 0.916 (Target ≥ 0.90)
  Class crops_fair_skin_varicella: Coverage = 0.855 (Target ≥ 0.90)

 FSC Metric (minimum class-wise coverage): 0.855

 Feature-Stratified Coverage (by True Class Label):
  Class crops_fair_skin_esantema-maculo-papuloso: Coverage = 0.868 (Target ≥ 0.90)
  Class crops_fair_skin_esantema-morbilliforme: Coverage = 0.943 (Target ≥ 0.90)
  Class crops_fair_skin_esantema-polimorfo-like: Coverage = 0.870 (Target ≥ 0.90)
  Class crops_fair_skin_esantema-virale: Coverage = 0.870 (Target ≥ 0.90)
  Class crops_fair_skin_esantema_iatrogeno_farmaco_indotta: Coverage = 0.939 (Target ≥ 0.90)
  Class crops_fair_skin_orticaria: Coverage = 0.912 (Target ≥ 0.90)
  Class crops_fair_skin_pediculosi: Coverage = 0.930 (Target ≥ 0.90)
  Class crops_fair_skin_scabbia: Coverage = 0.916 (Target ≥ 0.90)
  Class crops_fair_skin_varicella: Coverage = 0.855 (Target ≥ 0.90)

 FSC Metric (minimum class-wise coverage): 0.855

 Feature-Stratified Coverage (by True Class Label):
  Class crops_fair_skin_esantema-maculo-papuloso: Coverage = 0.868 (Target ≥ 0.90)
  Class crops_fair_skin_esantema-morbilliforme: Coverage = 0.943 (Target ≥ 0.90)
  Class crops_fair_skin_esantema-polimorfo-like: Coverage = 0.870 (Target ≥ 0.90)
  Class crops_fair_skin_esantema-virale: Coverage = 0.870 (Target ≥ 0.90)
  Class crops_fair_skin_esantema_iatrogeno_farmaco_indotta: Coverage = 0.939 (Target ≥ 0.90)
  Class crops_fair_skin_orticaria: Coverage = 0.912 (Target ≥ 0.90)
  Class crops_fair_skin_pediculosi: Coverage = 0.930 (Target ≥ 0.90)
  Class crops_fair_skin_scabbia: Coverage = 0.916 (Target ≥ 0.90)
  Class crops_fair_skin_varicella: Coverage = 0.855 (Target ≥ 0.90)

 FSC Metric (minimum class-wise coverage): 0.855

 Correlation between class frequency and coverage:
  - Pearson  r = -0.003, p = 9.943e-01
  - Spearman ρ = -0.050, p = 8.984e-01

 Size-Stratified Coverage (SSC):
  Set Size [1]       : Coverage = 0.994 (Target ≥ 0.90)

 SSC Metric (min bin-wise coverage): 0.994

 Size-Stratified Coverage (SSC):
  Set Size [1]       : Coverage = 0.994 (Target ≥ 0.90)

 SSC Metric (min bin-wise coverage): 0.994

===================================================
 Target coverage: 0.95  |  alpha = 0.05
===================================================

###########################Results:###################################
test_run 17
Target coverage: 0.950
Alpha: 0.050
Coverage: 0.950
Average Prediction Set Size for Test Set: 0.965
######################################################################

 Feature-Stratified Coverage (by True Class Label):
  Class crops_fair_skin_esantema-maculo-papuloso: Coverage = 0.923 (Target ≥ 0.95)
  Class crops_fair_skin_esantema-morbilliforme: Coverage = 0.971 (Target ≥ 0.95)
  Class crops_fair_skin_esantema-polimorfo-like: Coverage = 0.921 (Target ≥ 0.95)
  Class crops_fair_skin_esantema-virale: Coverage = 0.931 (Target ≥ 0.95)
  Class crops_fair_skin_esantema_iatrogeno_farmaco_indotta: Coverage = 0.967 (Target ≥ 0.95)
  Class crops_fair_skin_orticaria: Coverage = 0.961 (Target ≥ 0.95)
  Class crops_fair_skin_pediculosi: Coverage = 0.967 (Target ≥ 0.95)
  Class crops_fair_skin_scabbia: Coverage = 0.956 (Target ≥ 0.95)
  Class crops_fair_skin_varicella: Coverage = 0.914 (Target ≥ 0.95)

 FSC Metric (minimum class-wise coverage): 0.914

 Feature-Stratified Coverage (by True Class Label):
  Class crops_fair_skin_esantema-maculo-papuloso: Coverage = 0.923 (Target ≥ 0.95)
  Class crops_fair_skin_esantema-morbilliforme: Coverage = 0.971 (Target ≥ 0.95)
  Class crops_fair_skin_esantema-polimorfo-like: Coverage = 0.921 (Target ≥ 0.95)
  Class crops_fair_skin_esantema-virale: Coverage = 0.931 (Target ≥ 0.95)
  Class crops_fair_skin_esantema_iatrogeno_farmaco_indotta: Coverage = 0.967 (Target ≥ 0.95)
  Class crops_fair_skin_orticaria: Coverage = 0.961 (Target ≥ 0.95)
  Class crops_fair_skin_pediculosi: Coverage = 0.967 (Target ≥ 0.95)
  Class crops_fair_skin_scabbia: Coverage = 0.956 (Target ≥ 0.95)
  Class crops_fair_skin_varicella: Coverage = 0.914 (Target ≥ 0.95)

 FSC Metric (minimum class-wise coverage): 0.914

 Feature-Stratified Coverage (by True Class Label):
  Class crops_fair_skin_esantema-maculo-papuloso: Coverage = 0.923 (Target ≥ 0.95)
  Class crops_fair_skin_esantema-morbilliforme: Coverage = 0.971 (Target ≥ 0.95)
  Class crops_fair_skin_esantema-polimorfo-like: Coverage = 0.921 (Target ≥ 0.95)
  Class crops_fair_skin_esantema-virale: Coverage = 0.931 (Target ≥ 0.95)
  Class crops_fair_skin_esantema_iatrogeno_farmaco_indotta: Coverage = 0.967 (Target ≥ 0.95)
  Class crops_fair_skin_orticaria: Coverage = 0.961 (Target ≥ 0.95)
  Class crops_fair_skin_pediculosi: Coverage = 0.967 (Target ≥ 0.95)
  Class crops_fair_skin_scabbia: Coverage = 0.956 (Target ≥ 0.95)
  Class crops_fair_skin_varicella: Coverage = 0.914 (Target ≥ 0.95)

 FSC Metric (minimum class-wise coverage): 0.914

 Correlation between class frequency and coverage:
  - Pearson  r = 0.156, p = 6.878e-01
  - Spearman ρ = -0.083, p = 8.312e-01

 Size-Stratified Coverage (SSC):
  Set Size [1]       : Coverage = 0.984 (Target ≥ 0.95)

 SSC Metric (min bin-wise coverage): 0.984

 Size-Stratified Coverage (SSC):
  Set Size [1]       : Coverage = 0.984 (Target ≥ 0.95)

 SSC Metric (min bin-wise coverage): 0.984

Finished multi-alpha conformal evaluation for alphas corresponding to coverage 0.65–0.95.
Results saved under: Results_normal_Conformal_Prediction_experiment_run_17_2026-01-09_14-59-37
Job finished at Fri Jan  9 15:22:00 CET 2026
